1505208425761	geckodriver	INFO	geckodriver 0.18.0
1505208425770	geckodriver	INFO	Listening on 127.0.0.1:4551
1505208427797	geckodriver::marionette	INFO	Starting browser C:\Program Files (x86)\Mozilla Firefox\firefox.exe with args ["-marionette"]
1505208428123	addons.xpi	WARN	Error parsing extensions state: [Exception... "Component returned failure code: 0x80520012 (NS_ERROR_FILE_NOT_FOUND) [amIAddonManagerStartup.readStartupData]"  nsresult: "0x80520012 (NS_ERROR_FILE_NOT_FOUND)"  location: "JS frame :: resource://gre/modules/addons/XPIProvider.jsm :: loadExtensionState :: line 1596"  data: no] Stack trace: loadExtensionState()@resource://gre/modules/addons/XPIProvider.jsm:1596 < getInstallState()@resource://gre/modules/addons/XPIProvider.jsm:1631 < checkForChanges()@resource://gre/modules/addons/XPIProvider.jsm:3152 < startup()@resource://gre/modules/addons/XPIProvider.jsm:2246 < callProvider()@resource://gre/modules/AddonManager.jsm:271 < _startProvider()@resource://gre/modules/AddonManager.jsm:741 < startup()@resource://gre/modules/AddonManager.jsm:908 < startup()@resource://gre/modules/AddonManager.jsm:3122 < observe()@jar:file:///C:/Program%20Files%20(x86)/Mozilla%20Firefox/omni.ja!/components/addonManager.js:65
1505208428576	Marionette	INFO	Enabled via --marionette
1505208430729	Marionette	INFO	Listening on port 4563
1505208430742	Marionette	INFO	Listening on port 4563
1505208430997	Marionette	WARN	TLS certificate errors will be ignored for this session
1505208431048	Marionette	DEBUG	loaded listener.js
1505208431095	Marionette	DEBUG	Received DOM event "beforeunload" for "about:blank"
1505208431663	Marionette	DEBUG	Received DOM event "pagehide" for "about:blank"
1505208431663	Marionette	DEBUG	Received DOM event "unload" for "about:blank"
1505208432570	Marionette	DEBUG	Received DOM event "DOMContentLoaded" for "http://www.jikexueyuan.com/"
1505208433381	Marionette	DEBUG	Received DOM event "pageshow" for "http://www.jikexueyuan.com/"
1505208433598	Marionette	DEBUG	Received observer notification "outer-window-destroyed" for "2147483656"
1505208433919	Marionette	DEBUG	Received DOM event "DOMContentLoaded" for "https://eco-api.meiqia.com/dist/desktop-fiesta.html?azg347t8b2zkt9"
1505208433975	Marionette	DEBUG	Received DOM event "pageshow" for "https://eco-api.meiqia.com/dist/desktop-fiesta.html?azg347t8b2zkt9"
1505208437100	Marionette	DEBUG	Received DOM event "pageshow" for "http://www.jikexueyuan.com/"
1505208437292	Marionette	DEBUG	Received DOM event "beforeunload" for "http://www.jikexueyuan.com/"
1505208437689	Marionette	DEBUG	Received DOM event "pagehide" for "http://www.jikexueyuan.com/"
1505208437690	Marionette	DEBUG	Received DOM event "unload" for "http://www.jikexueyuan.com/"
1505208437921	Marionette	DEBUG	Received observer notification "outer-window-destroyed" for "2147483659"
1505208438018	Marionette	DEBUG	Received DOM event "DOMContentLoaded" for "http://search.jikexueyuan.com/course/?q=hadoop"
1505208438240	Marionette	DEBUG	Received DOM event "pageshow" for "http://search.jikexueyuan.com/course/?q=hadoop"
1505208438444	Marionette	DEBUG	Received DOM event "pageshow" for "http://search.jikexueyuan.com/course/?q=hadoop"
ionette	DEBUG	Received DOM event "DOMContentLoaded" for "http://search.jikexueyuan.com/course/?q=hadoop"
1505208379358	Marionette	DEBUG	Received DOM event "pageshow" for "http://search.jikexueyuan.com/course/?q=hadoop"
1505208379480	Marionette	DEBUG	Received DOM event "pageshow" for "http://search.jikexueyuan.com/course/?q=hadoop"
or "http://search.jikexueyuan.com/course/?q=hbase"
1505208249660	Marionette	DEBUG	Received DOM event "pageshow" for "http://search.jikexueyuan.com/course/?q=hbase1505208313237	Marionette	DEBUG	loaded listener.js
[GPU 16612] WARNING: pipe error: 109: file c:/builds/moz2_slave/m-rel-w32-00000000000000000000/build/src/ipc/chromium/src/chrome/common/ipc_channel_win.cc, line 346
[GPU 16612] WARNING: pipe error: 109: file c:/builds/moz2_slave/m-rel-w32-00000000000000000000/build/src/ipc/chromium/src/chrome/common/ipc_channel_win.cc, line 346
[GPU 16612] WARNING: pipe error: 109: file c:/builds/moz2_slave/m-rel-w32-00000000000000000000/build/src/ipc/chromium/src/chrome/common/ipc_channel_win.cc, line 346
[Parent 16100] WARNING: pipe error: 109: file c:/builds/moz2_slave/m-rel-w32-00000000000000000000/build/src/ipc/chromium/src/chrome/common/ipc_channel_win.cc, line 346
[Child 17284] WARNING: pipe error: 109: file c:/builds/moz2_slave/m-rel-w32-00000000000000000000/build/src/ipc/chromium/src/chrome/common/ipc_channel_win.cc, line 346
[Child 17284] WARNING: pipe error: 109: file c:/builds/moz2_slave/m-rel-w32-00000000000000000000/build/src/ipc/chromium/src/chrome/common/ipc_channel_win.cc, line 346

###!!! [Child][MessageChannel::SendAndWait] Error: Channel error: cannot send/recv

5682064	Marionette	DEBUG	loaded listener.js
1505205721341	Marionette	DEBUG	loaded listener.js
JavaScript warning: http://pos.baidu.com/s?hei=40&wid=1024&di=u2671177&ltu=http%3A%2F%2Fip.chinaz.com%2F&ltr=https%3A%2F%2Fwww.baidu.com%2Flink%3Furl%3DozfzqAWGRZOjwwbWVLvL72BrTQ46YSuXVNcb_yEWr_W%26wd%3D%26eqid%3Db3fa412e00019c220000000459b79dcd&ps=1145x162&chi=1&tcn=1505205722&dtm=HTML_POST&ari=2&cmi=0&dis=0&psr=1366x768&ccd=24&cdo=-1&cec=UTF-8&drs=1&cfv=0&pcs=1349x645&tpr=1505205722051&pis=-1x-1&pss=1349x1286&dc=2&cpl=0&par=1366x738&col=zh-CN&dri=1&tlm=1505205722&exps=111000&cce=true&dai=1&cja=false&ti=IP%2F%E6%9C%8D%E5%8A%A1%E5%99%A8%E5%9C%B0%E5%9D%80%E6%9F%A5%E8%AF%A2%20-%20%E7%AB%99%E9%95%BF%E5%B7%A5%E5%85%B7&ant=0, line 83: unreachable code after return statement
JavaScript warning: http://pos.baidu.com/s?hei=40&wid=1024&di=u2671177&ltu=http%3A%2F%2Fip.chinaz.com%2F&ltr=https%3A%2F%2Fwww.baidu.com%2Flink%3Furl%3DozfzqAWGRZOjwwbWVLvL72BrTQ46YSuXVNcb_yEWr_W%26wd%3D%26eqid%3Db3fa412e00019c220000000459b79dcd&ps=1145x162&chi=1&tcn=1505205722&dtm=HTML_POST&ari=2&cmi=0&dis=0&psr=1366x768&ccd=24&cdo=-1&cec=UTF-8&drs=1&cfv=0&pcs=1349x645&tpr=1505205722051&pis=-1x-1&pss=1349x1286&dc=2&cpl=0&par=1366x738&col=zh-CN&dri=1&tlm=1505205722&exps=111000&cce=true&dai=1&cja=false&ti=IP%2F%E6%9C%8D%E5%8A%A1%E5%99%A8%E5%9C%B0%E5%9D%80%E6%9F%A5%E8%AF%A2%20-%20%E7%AB%99%E9%95%BF%E5%B7%A5%E5%85%B7&ant=0, line 83: unreachable code after return statement
JavaScript warning: http://pos.baidu.com/s?hei=40&wid=1024&di=u2671177&ltu=http%3A%2F%2Fip.chinaz.com%2F122.11.47.39&cja=false&cpl=0&tlm=1505205724&tcn=1505205725&ari=2&pcs=1349x645&cce=true&drs=1&cdo=-1&cec=UTF-8&dai=1&col=zh-CN&ccd=24&ps=1296x162&pss=1349x1437&chi=2&dc=2&psr=1366x768&ant=0&cmi=0&dis=0&tpr=1505205724661&pis=-1x-1&ltr=http%3A%2F%2Fip.chinaz.com%2F&dtm=HTML_POST&cfv=0&ti=IP%2F%E6%9C%8D%E5%8A%A1%E5%99%A8122.11.47.39%E7%9A%84%E4%BF%A1%E6%81%AF%20-%20%E7%AB%99%E9%95%BF%E5%B7%A5%E5%85%B7&par=1366x738&dri=1&exps=111000, line 83: unreachable code after return statement
JavaScript warning: http://pos.baidu.com/s?hei=40&wid=1024&di=u2671177&ltu=http%3A%2F%2Fip.chinaz.com%2F122.11.47.39&cja=false&cpl=0&tlm=1505205724&tcn=1505205725&ari=2&pcs=1349x645&cce=true&drs=1&cdo=-1&cec=UTF-8&dai=1&col=zh-CN&ccd=24&ps=1296x162&pss=1349x1437&chi=2&dc=2&psr=1366x768&ant=0&cmi=0&dis=0&tpr=1505205724661&pis=-1x-1&ltr=http%3A%2F%2Fip.chinaz.com%2F&dtm=HTML_POST&cfv=0&ti=IP%2F%E6%9C%8D%E5%8A%A1%E5%99%A8122.11.47.39%E7%9A%84%E4%BF%A1%E6%81%AF%20-%20%E7%AB%99%E9%95%BF%E5%B7%A5%E5%85%B7&par=1366x738&dri=1&exps=111000, line 83: unreachable code after return statement
1505205745747	Marionette	DEBUG	loaded listener.js
1505205769812	Marionette	DEBUG	loaded listener.js
JavaScript warning: http://pos.baidu.com/s?hei=40&wid=1024&di=u2671177&ltu=http%3A%2F%2Fip.chinaz.com%2F&col=zh-CN&ltr=https%3A%2F%2Fwww.baidu.com%2Flink%3Furl%3DozfzqAWGRZOjwwbWVLvL72BrTQ46YSuXVNcb_yEWr_W%26wd%3D%26eqid%3Db3fa412e00019c220000000459b79dcd&ps=1145x162&par=1366x738&chi=1&drs=1&dai=1&pcs=1349x645&ccd=24&dc=2&ant=0&dtm=HTML_POST&cmi=0&tpr=1505205770227&cdo=-1&dis=0&ari=2&cja=false&ti=IP%2F%E6%9C%8D%E5%8A%A1%E5%99%A8%E5%9C%B0%E5%9D%80%E6%9F%A5%E8%AF%A2%20-%20%E7%AB%99%E9%95%BF%E5%B7%A5%E5%85%B7&cec=UTF-8&exps=111000&cce=true&pss=1349x1286&dri=1&pis=-1x-1&tlm=1505205770&cfv=0&cpl=0&tcn=1505205770&psr=1366x768, line 83: unreachable code after return statement
JavaScript warning: http://pos.baidu.com/s?hei=40&wid=1024&di=u2671177&ltu=http%3A%2F%2Fip.chinaz.com%2F&col=zh-CN&ltr=https%3A%2F%2Fwww.baidu.com%2Flink%3Furl%3DozfzqAWGRZOjwwbWVLvL72BrTQ46YSuXVNcb_yEWr_W%26wd%3D%26eqid%3Db3fa412e00019c220000000459b79dcd&ps=1145x162&par=1366x738&chi=1&drs=1&dai=1&pcs=1349x645&ccd=24&dc=2&ant=0&dtm=HTML_POST&cmi=0&tpr=1505205770227&cdo=-1&dis=0&ari=2&cja=false&ti=IP%2F%E6%9C%8D%E5%8A%A1%E5%99%A8%E5%9C%B0%E5%9D%80%E6%9F%A5%E8%AF%A2%20-%20%E7%AB%99%E9%95%BF%E5%B7%A5%E5%85%B7&cec=UTF-8&exps=111000&cce=true&pss=1349x1286&dri=1&pis=-1x-1&tlm=1505205770&cfv=0&cpl=0&tcn=1505205770&psr=1366x768, line 83: unreachable code after return statement
JavaScript warning: http://pos.baidu.com/s?hei=40&wid=1024&di=u2671177&ltu=http%3A%2F%2Fip.chinaz.com%2F%25E5%258C%2597%25E4%25BA%25AC%25E9%25A6%2596%25E9%2583%25BD%25E5%259C%25A8%25E7%25BA%25BF%25E7%25A7%2591%25E6%258A%2580%25E8%2582%25A1%25E4%25BB%25BD%25E6%259C%2589%25E9%2599%2590%25E5%2585%25AC%25E5%258F%25B8&dis=0&drs=1&cfv=0&ant=0&psr=1366x768&pcs=1349x645&tlm=1505205776&tcn=1505205777&dtm=HTML_POST&ti=IP%2F%E6%9C%8D%E5%8A%A1%E5%99%A8%E5%9C%B0%E5%9D%80%E6%9F%A5%E8%AF%A2%20-%20%E7%AB%99%E9%95%BF%E5%B7%A5%E5%85%B7&cmi=0&dri=1&tpr=1505205776568&dai=1&cdo=-1&chi=2&col=zh-CN&cpl=0&pis=-1x-1&ari=2&ltr=http%3A%2F%2Fip.chinaz.com%2F&ps=1175x162&dc=2&ccd=24&pss=1349x1316&par=1366x738&cce=true&cec=UTF-8&exps=111000&cja=false, line 83: unreachable code after return statement
JavaScript warning: http://pos.baidu.com/s?hei=40&wid=1024&di=u2671177&ltu=http%3A%2F%2Fip.chinaz.com%2F%25E5%258C%2597%25E4%25BA%25AC%25E9%25A6%2596%25E9%2583%25BD%25E5%259C%25A8%25E7%25BA%25BF%25E7%25A7%2591%25E6%258A%2580%25E8%2582%25A1%25E4%25BB%25BD%25E6%259C%2589%25E9%2599%2590%25E5%2585%25AC%25E5%258F%25B8&dis=0&drs=1&cfv=0&ant=0&psr=1366x768&pcs=1349x645&tlm=1505205776&tcn=1505205777&dtm=HTML_POST&ti=IP%2F%E6%9C%8D%E5%8A%A1%E5%99%A8%E5%9C%B0%E5%9D%80%E6%9F%A5%E8%AF%A2%20-%20%E7%AB%99%E9%95%BF%E5%B7%A5%E5%85%B7&cmi=0&dri=1&tpr=1505205776568&dai=1&cdo=-1&chi=2&col=zh-CN&cpl=0&pis=-1x-1&ari=2&ltr=http%3A%2F%2Fip.chinaz.com%2F&ps=1175x162&dc=2&ccd=24&pss=1349x1316&par=1366x738&cce=true&cec=UTF-8&exps=111000&cja=false, line 83: unreachable code after return statement
JavaScript warning: http://pos.baidu.com/s?hei=40&wid=1024&di=u2671177&ltu=http%3A%2F%2Fip.chinaz.com%2F122.11.47.39&cmi=0&cdo=-1&dtm=HTML_POST&cce=true&cec=UTF-8&dai=1&pis=-1x-1&pcs=1349x645&ps=1296x162&ltr=http%3A%2F%2Fip.chinaz.com%2F%25E5%258C%2597%25E4%25BA%25AC%25E9%25A6%2596%25E9%2583%25BD%25E5%259C%25A8%25E7%25BA%25BF%25E7%25A7%2591%25E6%258A%2580%25E8%2582%25A1%25E4%25BB%25BD%25E6%259C%2589%25E9%2599%2590%25E5%2585%25AC%25E5%258F%25B8&par=1366x738&chi=3&col=zh-CN&ari=2&exps=111000&tpr=1505205801198&dri=1&psr=1366x768&drs=1&dc=2&cja=false&tcn=1505205801&ti=IP%2F%E6%9C%8D%E5%8A%A1%E5%99%A8122.11.47.39%E7%9A%84%E4%BF%A1%E6%81%AF%20-%20%E7%AB%99%E9%95%BF%E5%B7%A5%E5%85%B7&pss=1349x1437&ant=0&cpl=0&tlm=1505205801&ccd=24&cfv=0&dis=0, line 83: unreachable code after return statement
JavaScript warning: http://pos.baidu.com/s?hei=40&wid=1024&di=u2671177&ltu=http%3A%2F%2Fip.chinaz.com%2F122.11.47.39&cmi=0&cdo=-1&dtm=HTML_POST&cce=true&cec=UTF-8&dai=1&pis=-1x-1&pcs=1349x645&ps=1296x162&ltr=http%3A%2F%2Fip.chinaz.com%2F%25E5%258C%2597%25E4%25BA%25AC%25E9%25A6%2596%25E9%2583%25BD%25E5%259C%25A8%25E7%25BA%25BF%25E7%25A7%2591%25E6%258A%2580%25E8%2582%25A1%25E4%25BB%25BD%25E6%259C%2589%25E9%2599%2590%25E5%2585%25AC%25E5%258F%25B8&par=1366x738&chi=3&col=zh-CN&ari=2&exps=111000&tpr=1505205801198&dri=1&psr=1366x768&drs=1&dc=2&cja=false&tcn=1505205801&ti=IP%2F%E6%9C%8D%E5%8A%A1%E5%99%A8122.11.47.39%E7%9A%84%E4%BF%A1%E6%81%AF%20-%20%E7%AB%99%E9%95%BF%E5%B7%A5%E5%85%B7&pss=1349x1437&ant=0&cpl=0&tlm=1505205801&ccd=24&cfv=0&dis=0, line 83: unreachable code after return statement
JavaScript warning: http://pos.baidu.com/s?hei=40&wid=1024&di=u2671177&ltu=http%3A%2F%2Fip.chinaz.com%2F118.186.3.71&col=zh-CN&cja=false&ltr=http%3A%2F%2Fip.chinaz.com%2F122.11.47.39&cfv=0&cmi=0&cce=true&dtm=HTML_POST&tlm=1505205837&ti=IP%2F%E6%9C%8D%E5%8A%A1%E5%99%A8118.186.3.71%E7%9A%84%E4%BF%A1%E6%81%AF%20-%20%E7%AB%99%E9%95%BF%E5%B7%A5%E5%85%B7&ant=0&psr=1366x768&ps=1296x88&pcs=1198x531&tpr=1505205837726&exps=111000&ari=2&dai=1&dis=0&pss=1200x1437&tcn=1505205838&dc=2&cpl=0&cec=UTF-8&pis=-1x-1&par=1366x738&chi=4&ccd=24&dri=1&drs=1&cdo=-1, line 83: unreachable code after return statement
JavaScript warning: http://pos.baidu.com/s?hei=40&wid=1024&di=u2671177&ltu=http%3A%2F%2Fip.chinaz.com%2F118.186.3.71&col=zh-CN&cja=false&ltr=http%3A%2F%2Fip.chinaz.com%2F122.11.47.39&cfv=0&cmi=0&cce=true&dtm=HTML_POST&tlm=1505205837&ti=IP%2F%E6%9C%8D%E5%8A%A1%E5%99%A8118.186.3.71%E7%9A%84%E4%BF%A1%E6%81%AF%20-%20%E7%AB%99%E9%95%BF%E5%B7%A5%E5%85%B7&ant=0&psr=1366x768&ps=1296x88&pcs=1198x531&tpr=1505205837726&exps=111000&ari=2&dai=1&dis=0&pss=1200x1437&tcn=1505205838&dc=2&cpl=0&cec=UTF-8&pis=-1x-1&par=1366x738&chi=4&ccd=24&dri=1&drs=1&cdo=-1, line 83: unreachable code after return statement
JavaScript warning: http://pos.baidu.com/s?hei=40&wid=1024&di=u2671177&ltu=http%3A%2F%2Fip.chinaz.com%2F106.12.6.150&dai=1&pis=-1x-1&chi=5&drs=1&dc=2&ps=1296x88&cmi=0&cdo=-1&cpl=0&tpr=1505205859056&ti=IP%2F%E6%9C%8D%E5%8A%A1%E5%99%A8106.12.6.150%E7%9A%84%E4%BF%A1%E6%81%AF%20-%20%E7%AB%99%E9%95%BF%E5%B7%A5%E5%85%B7&dtm=HTML_POST&psr=1366x768&tcn=1505205859&cfv=0&ari=2&ltr=http%3A%2F%2Fip.chinaz.com%2F118.186.3.71&ant=0&dis=0&cce=true&tlm=1505205859&cec=UTF-8&ccd=24&col=zh-CN&cja=false&par=1366x738&dri=1&pcs=1198x531&pss=1200x1437&exps=111000, line 83: unreachable code after return statement
JavaScript warning: http://pos.baidu.com/s?hei=40&wid=1024&di=u2671177&ltu=http%3A%2F%2Fip.chinaz.com%2F106.12.6.150&dai=1&pis=-1x-1&chi=5&drs=1&dc=2&ps=1296x88&cmi=0&cdo=-1&cpl=0&tpr=1505205859056&ti=IP%2F%E6%9C%8D%E5%8A%A1%E5%99%A8106.12.6.150%E7%9A%84%E4%BF%A1%E6%81%AF%20-%20%E7%AB%99%E9%95%BF%E5%B7%A5%E5%85%B7&dtm=HTML_POST&psr=1366x768&tcn=1505205859&cfv=0&ari=2&ltr=http%3A%2F%2Fip.chinaz.com%2F118.186.3.71&ant=0&dis=0&cce=true&tlm=1505205859&cec=UTF-8&ccd=24&col=zh-CN&cja=false&par=1366x738&dri=1&pcs=1198x531&pss=1200x1437&exps=111000, line 83: unreachable code after return statement
JavaScript warning: http://pos.baidu.com/s?hei=40&wid=1024&di=u2671177&ltu=http%3A%2F%2Fip.chinaz.com%2F116.62.157.159&ti=IP%2F%E6%9C%8D%E5%8A%A1%E5%99%A8116.62.157.159%E7%9A%84%E4%BF%A1%E6%81%AF%20-%20%E7%AB%99%E9%95%BF%E5%B7%A5%E5%85%B7&par=1366x738&dc=2&pcs=652x605&col=zh-CN&pss=1200x1437&cmi=0&ps=1296x88&ltr=http%3A%2F%2Fip.chinaz.com%2F106.12.6.150&dis=0&cec=UTF-8&chi=6&cce=true&tcn=1505205875&dai=1&cja=false&dri=1&dtm=HTML_POST&tlm=1505205875&cfv=0&exps=111000&psr=1366x768&ccd=24&drs=1&pis=-1x-1&tpr=1505205875151&cdo=-1&ant=0&cpl=0&ari=2, line 83: unreachable code after return statement
JavaScript warning: http://pos.baidu.com/s?hei=40&wid=1024&di=u2671177&ltu=http%3A%2F%2Fip.chinaz.com%2F116.62.157.159&ti=IP%2F%E6%9C%8D%E5%8A%A1%E5%99%A8116.62.157.159%E7%9A%84%E4%BF%A1%E6%81%AF%20-%20%E7%AB%99%E9%95%BF%E5%B7%A5%E5%85%B7&par=1366x738&dc=2&pcs=652x605&col=zh-CN&pss=1200x1437&cmi=0&ps=1296x88&ltr=http%3A%2F%2Fip.chinaz.com%2F106.12.6.150&dis=0&cec=UTF-8&chi=6&cce=true&tcn=1505205875&dai=1&cja=false&dri=1&dtm=HTML_POST&tlm=1505205875&cfv=0&exps=111000&psr=1366x768&ccd=24&drs=1&pis=-1x-1&tpr=1505205875151&cdo=-1&ant=0&cpl=0&ari=2, line 83: unreachable code after return statement
JavaScript warning: http://pos.baidu.com/s?hei=40&wid=1024&di=u2671177&ltu=http%3A%2F%2Fip.chinaz.com%2F60.205.176.235&psr=1366x768&pss=1200x1437&ari=2&chi=7&col=zh-CN&exps=111000&cja=false&drs=1&dtm=HTML_POST&ti=IP%2F%E6%9C%8D%E5%8A%A1%E5%99%A860.205.176.235%E7%9A%84%E4%BF%A1%E6%81%AF%20-%20%E7%AB%99%E9%95%BF%E5%B7%A5%E5%85%B7&cfv=0&tcn=1505205903&cdo=-1&dc=2&cce=true&ccd=24&cpl=0&dai=1&pcs=1198x531&pis=-1x-1&ps=1296x88&cec=UTF-8&ant=0&par=1366x738&dis=0&ltr=http%3A%2F%2Fip.chinaz.com%2F116.62.157.159&tlm=1505205903&dri=1&tpr=1505205903115&cmi=0, line 83: unreachable code after return statement
JavaScript warning: http://pos.baidu.com/s?hei=40&wid=1024&di=u2671177&ltu=http%3A%2F%2Fip.chinaz.com%2F60.205.176.235&psr=1366x768&pss=1200x1437&ari=2&chi=7&col=zh-CN&exps=111000&cja=false&drs=1&dtm=HTML_POST&ti=IP%2F%E6%9C%8D%E5%8A%A1%E5%99%A860.205.176.235%E7%9A%84%E4%BF%A1%E6%81%AF%20-%20%E7%AB%99%E9%95%BF%E5%B7%A5%E5%85%B7&cfv=0&tcn=1505205903&cdo=-1&dc=2&cce=true&ccd=24&cpl=0&dai=1&pcs=1198x531&pis=-1x-1&ps=1296x88&cec=UTF-8&ant=0&par=1366x738&dis=0&ltr=http%3A%2F%2Fip.chinaz.com%2F116.62.157.159&tlm=1505205903&dri=1&tpr=1505205903115&cmi=0, line 83: unreachable code after return statement
JavaScript warning: https://sso.capitalonline.net/pages/login_files/uta.js, line 6: unreachable code after return statement
JavaScript warning: https://sso.capitalonline.net/pages/login_files/uta.js, line 6: unreachable code after return statement
IPDL protocol error: Handler returned error code!

###!!! [Parent][DispatchAsyncMessage] Error: PAPZCTreeManager::Msg_SetTargetAPZC Processing error: message was deserialized, but the handler returned false (indicating failure)

[GPU 15420] WARNING: pipe error: 109: file c:/builds/moz2_slave/m-rel-w32-00000000000000000000/build/src/ipc/chromium/src/chrome/common/ipc_channel_win.cc, line 346
[GPU 15420] WARNING: pipe error: 109: file c:/builds/moz2_slave/m-rel-w32-00000000000000000000/build/src/ipc/chromium/src/chrome/common/ipc_channel_win.cc, line 346
[GPU 15420] WARNING: pipe error: 109: file c:/builds/moz2_slave/m-rel-w32-00000000000000000000/build/src/ipc/chromium/src/chrome/common/ipc_channel_win.cc, line 346
[Parent 14980] WARNING: pipe error: 109: file c:/builds/moz2_slave/m-rel-w32-00000000000000000000/build/src/ipc/chromium/src/chrome/common/ipc_channel_win.cc, line 346
[Child 17384] WARNING: pipe error: 109: file c:/builds/moz2_slave/m-rel-w32-00000000000000000000/build/src/ipc/chromium/src/chrome/common/ipc_channel_win.cc, line 346
[Child 17384] WARNING: pipe error: 109: file c:/builds/moz2_slave/m-rel-w32-00000000000000000000/build/src/ipc/chromium/src/chrome/common/ipc_channel_win.cc, line 346
[Parent 14980] WARNING: pipe error: 109: file c:/builds/moz2_slave/m-rel-w32-00000000000000000000/build/src/ipc/chromium/src/chrome/common/ipc_channel_win.cc, line 346

###!!! [Child][MessageChannel::SendAndWait] Error: Channel error: cannot send/recv


Line: 1656, column: 0
console.error: 
  Handler function NetworkEventActorProxy.addResponseContent threw an exception: [Exception... "Component returned failure code: 0xc1f30001 (NS_ERROR_NOT_INITIALIZED) [nsIMessageSender.sendAsyncMessage]"  nsresult: "0xc1f30001 (NS_ERROR_NOT_INITIALIZED)"  location: "JS frame :: resource://gre/modules/commonjs/toolkit/loader.js -> resource://devtools/shared/webconsole/network-monitor.js :: NetworkEventActorProxy.methodFactory/< :: line 1656"  data: no]
Stack: NetworkEventActorProxy.methodFactory/<@resource://gre/modules/commonjs/toolkit/loader.js -> resource://devtools/shared/webconsole/network-monitor.js:1656:5
exports.makeInfallible/<@resource://gre/modules/commonjs/toolkit/loader.js -> resource://devtools/shared/ThreadSafeDevToolsUtils.js:101:14
_onComplete@resource://gre/modules/commonjs/toolkit/loader.js -> resource://devtools/shared/webconsole/network-monitor.js:620:5
onStreamClose@resource://gre/modules/commonjs/toolkit/loader.js -> resource://devtools/shared/webconsole/network-monitor.js:569:7
onInputStreamReady@resource://gre/modules/commonjs/toolkit/loader.js -> resource://devtools/shared/webconsole/network-monitor.js:668:7
Line: 1656, column: 0
Handler function NetworkEventActorProxy.addResponseContent threw an exception: [Exception... "Component returned failure code: 0xc1f30001 (NS_ERROR_NOT_INITIALIZED) [nsIMessageSender.sendAsyncMessage]"  nsresult: "0xc1f30001 (NS_ERROR_NOT_INITIALIZED)"  location: "JS frame :: resource://gre/modules/commonjs/toolkit/loader.js -> resource://devtools/shared/webconsole/network-monitor.js :: NetworkEventActorProxy.methodFactory/< :: line 1656"  data: no]
Stack: NetworkEventActorProxy.methodFactory/<@resource://gre/modules/commonjs/toolkit/loader.js -> resource://devtools/shared/webconsole/network-monitor.js:1656:5
exports.makeInfallible/<@resource://gre/modules/commonjs/toolkit/loader.js -> resource://devtools/shared/ThreadSafeDevToolsUtils.js:101:14
_onComplete@resource://gre/modules/commonjs/toolkit/loader.js -> resource://devtools/shared/webconsole/network-monitor.js:620:5
onStreamClose@resource://gre/modules/commonjs/toolkit/loader.js -> resource://devtools/shared/webconsole/network-monitor.js:569:7
onInputStreamReady@resource://gre/modules/commonjs/toolkit/loader.js -> resource://devtools/shared/webconsole/network-monitor.js:668:7
Line: 1656, column: 0
console.error: 
  Handler function NetworkEventActorProxy.addResponseContent threw an exception: [Exception... "Component returned failure code: 0xc1f30001 (NS_ERROR_NOT_INITIALIZED) [nsIMessageSender.sendAsyncMessage]"  nsresult: "0xc1f30001 (NS_ERROR_NOT_INITIALIZED)"  location: "JS frame :: resource://gre/modules/commonjs/toolkit/loader.js -> resource://devtools/shared/webconsole/network-monitor.js :: NetworkEventActorProxy.methodFactory/< :: line 1656"  data: no]
Stack: NetworkEventActorProxy.methodFactory/<@resource://gre/modules/commonjs/toolkit/loader.js -> resource://devtools/shared/webconsole/network-monitor.js:1656:5
exports.makeInfallible/<@resource://gre/modules/commonjs/toolkit/loader.js -> resource://devtools/shared/ThreadSafeDevToolsUtils.js:101:14
_onComplete@resource://gre/modules/commonjs/toolkit/loader.js -> resource://devtools/shared/webconsole/network-monitor.js:620:5
onStreamClose@resource://gre/modules/commonjs/toolkit/loader.js -> resource://devtools/shared/webconsole/network-monitor.js:569:7
onInputStreamReady@resource://gre/modules/commonjs/toolkit/loader.js -> resource://devtools/shared/webconsole/network-monitor.js:668:7
Line: 1656, column: 0
Handler function NetworkEventActorProxy.addResponseContent threw an exception: [Exception... "Component returned failure code: 0xc1f30001 (NS_ERROR_NOT_INITIALIZED) [nsIMessageSender.sendAsyncMessage]"  nsresult: "0xc1f30001 (NS_ERROR_NOT_INITIALIZED)"  location: "JS frame :: resource://gre/modules/commonjs/toolkit/loader.js -> resource://devtools/shared/webconsole/network-monitor.js :: NetworkEventActorProxy.methodFactory/< :: line 1656"  data: no]
Stack: NetworkEventActorProxy.methodFactory/<@resource://gre/modules/commonjs/toolkit/loader.js -> resource://devtools/shared/webconsole/network-monitor.js:1656:5
exports.makeInfallible/<@resource://gre/modules/commonjs/toolkit/loader.js -> resource://devtools/shared/ThreadSafeDevToolsUtils.js:101:14
_onComplete@resource://gre/modules/commonjs/toolkit/loader.js -> resource://devtools/shared/webconsole/network-monitor.js:620:5
onStreamClose@resource://gre/modules/commonjs/toolkit/loader.js -> resource://devtools/shared/webconsole/network-monitor.js:569:7
onInputStreamReady@resource://gre/modules/commonjs/toolkit/loader.js -> resource://devtools/shared/webconsole/network-monitor.js:668:7
Line: 1656, column: 0
console.error: 
  Handler function NetworkEventActorProxy.addResponseContent threw an exception: [Exception... "Component returned failure code: 0xc1f30001 (NS_ERROR_NOT_INITIALIZED) [nsIMessageSender.sendAsyncMessage]"  nsresult: "0xc1f30001 (NS_ERROR_NOT_INITIALIZED)"  location: "JS frame :: resource://gre/modules/commonjs/toolkit/loader.js -> resource://devtools/shared/webconsole/network-monitor.js :: NetworkEventActorProxy.methodFactory/< :: line 1656"  data: no]
Stack: NetworkEventActorProxy.methodFactory/<@resource://gre/modules/commonjs/toolkit/loader.js -> resource://devtools/shared/webconsole/network-monitor.js:1656:5
exports.makeInfallible/<@resource://gre/modules/commonjs/toolkit/loader.js -> resource://devtools/shared/ThreadSafeDevToolsUtils.js:101:14
_onComplete@resource://gre/modules/commonjs/toolkit/loader.js -> resource://devtools/shared/webconsole/network-monitor.js:620:5
onStreamClose@resource://gre/modules/commonjs/toolkit/loader.js -> resource://devtools/shared/webconsole/network-monitor.js:569:7
onInputStreamReady@resource://gre/modules/commonjs/toolkit/loader.js -> resource://devtools/shared/webconsole/network-monitor.js:668:7
Line: 1656, column: 0
Handler function NetworkEventActorProxy.addResponseContent threw an exception: [Exception... "Component returned failure code: 0xc1f30001 (NS_ERROR_NOT_INITIALIZED) [nsIMessageSender.sendAsyncMessage]"  nsresult: "0xc1f30001 (NS_ERROR_NOT_INITIALIZED)"  location: "JS frame :: resource://gre/modules/commonjs/toolkit/loader.js -> resource://devtools/shared/webconsole/network-monitor.js :: NetworkEventActorProxy.methodFactory/< :: line 1656"  data: no]
Stack: NetworkEventActorProxy.methodFactory/<@resource://gre/modules/commonjs/toolkit/loader.js -> resource://devtools/shared/webconsole/network-monitor.js:1656:5
exports.makeInfallible/<@resource://gre/modules/commonjs/toolkit/loader.js -> resource://devtools/shared/ThreadSafeDevToolsUtils.js:101:14
_onComplete@resource://gre/modules/commonjs/toolkit/loader.js -> resource://devtools/shared/webconsole/network-monitor.js:620:5
onStreamClose@resource://gre/modules/commonjs/toolkit/loader.js -> resource://devtools/shared/webconsole/network-monitor.js:569:7
onInputStreamReady@resource://gre/modules/commonjs/toolkit/loader.js -> resource://devtools/shared/webconsole/network-monitor.js:668:7
Line: 1656, column: 0
console.error: 
  Handler function NetworkEventActorProxy.addResponseContent threw an exception: [Exception... "Component returned failure code: 0xc1f30001 (NS_ERROR_NOT_INITIALIZED) [nsIMessageSender.sendAsyncMessage]"  nsresult: "0xc1f30001 (NS_ERROR_NOT_INITIALIZED)"  location: "JS frame :: resource://gre/modules/commonjs/toolkit/loader.js -> resource://devtools/shared/webconsole/network-monitor.js :: NetworkEventActorProxy.methodFactory/< :: line 1656"  data: no]
Stack: NetworkEventActorProxy.methodFactory/<@resource://gre/modules/commonjs/toolkit/loader.js -> resource://devtools/shared/webconsole/network-monitor.js:1656:5
exports.makeInfallible/<@resource://gre/modules/commonjs/toolkit/loader.js -> resource://devtools/shared/ThreadSafeDevToolsUtils.js:101:14
_onComplete@resource://gre/modules/commonjs/toolkit/loader.js -> resource://devtools/shared/webconsole/network-monitor.js:620:5
onStreamClose@resource://gre/modules/commonjs/toolkit/loader.js -> resource://devtools/shared/webconsole/network-monitor.js:569:7
onInputStreamReady@resource://gre/modules/commonjs/toolkit/loader.js -> resource://devtools/shared/webconsole/network-monitor.js:668:7
Line: 1656, column: 0
[GPU 11520] WARNING: pipe error: 109: file c:/builds/moz2_slave/m-rel-w32-00000000000000000000/build/src/ipc/chromium/src/chrome/common/ipc_channel_win.cc, line 346
*************************
A coding exception was thrown and uncaught in a Task.

Full message: TypeError: can't access dead object
Full stack: get href@resource://gre/modules/commonjs/toolkit/loader.js -> resource://devtools/server/actors/stylesheets.js:214:5
StyleSheetActor<.fetchStylesheet<@resource://gre/modules/commonjs/toolkit/loader.js -> resource://devtools/server/actors/stylesheets.js:482:60
_run@resource://gre/modules/commonjs/toolkit/loader.js -> resource://devtools/shared/task.js:312:39
process@resource://gre/modules/Promise.jsm -> resource://gre/modules/Promise-backend.js:925:21
walkerLoop@resource://gre/modules/Promise.jsm -> resource://gre/modules/Promise-backend.js:806:7
scheduleWalkerLoop/<@resource://gre/modules/Promise.jsm -> resource://gre/modules/Promise-backend.js:742:11

*************************
*************************
A coding exception was thrown and uncaught in a Task.

Full message: TypeError: can't access dead object
Full stack: get href@resource://gre/modules/commonjs/toolkit/loader.js -> resource://devtools/server/actors/stylesheets.js:214:5
StyleSheetActor<.fetchStylesheet<@resource://gre/modules/commonjs/toolkit/loader.js -> resource://devtools/server/actors/stylesheets.js:482:60
_run@resource://gre/modules/commonjs/toolkit/loader.js -> resource://devtools/shared/task.js:312:39
process@resource://gre/modules/Promise.jsm -> resource://gre/modules/Promise-backend.js:925:21
walkerLoop@resource://gre/modules/Promise.jsm -> resource://gre/modules/Promise-backend.js:806:7
scheduleWalkerLoop/<@resource://gre/modules/Promise.jsm -> resource://gre/modules/Promise-backend.js:742:11

*************************
console.error: 
Handler function NetworkEventActorProxy.addSecurityInfo threw an exception: [Exception... "Component returned failure code: 0xc1f30001 (NS_ERROR_NOT_INITIALIZED) [nsIMessageSender.sendAsyncMessage]"  nsresult: "0xc1f30001 (NS_ERROR_NOT_INITIALIZED)"  location: "JS frame :: resource://gre/modules/commonjs/toolkit/loader.js -> resource://devtools/shared/webconsole/network-monitor.js :: NetworkEventActorProxy.methodFactory/< :: line 1656"  data: no]
Stack: NetworkEventActorProxy.methodFactory/<@resource://gre/modules/commonjs/toolkit/loader.js -> resource://devtools/shared/webconsole/network-monitor.js:1656:5
exports.makeInfallible/<@resource://gre/modules/commonjs/toolkit/loader.js -> resource://devtools/shared/ThreadSafeDevToolsUtils.js:101:14
NetworkResponseListener.prototype._getSecurityInfo<@resource://gre/modules/commonjs/toolkit/loader.js -> resource://devtools/shared/webconsole/network-monitor.js:495:5
exports.makeInfallible/<@resource://gre/modules/commonjs/toolkit/loader.js -> resource://devtools/shared/ThreadSafeDevToolsUtils.js:101:14
onStartRequest@resource://gre/modules/commonjs/toolkit/loader.js -> resource://devtools/shared/webconsole/network-monitor.js:436:5
Line: 1656, column: 0
console.error: 
  Handler function NetworkEventActorProxy.addSecurityInfo threw an exception: [Exception... "Component returned failure code: 0xc1f30001 (NS_ERROR_NOT_INITIALIZED) [nsIMessageSender.sendAsyncMessage]"  nsresult: "0xc1f30001 (NS_ERROR_NOT_INITIALIZED)"  location: "JS frame :: resource://gre/modules/commonjs/toolkit/loader.js -> resource://devtools/shared/webconsole/network-monitor.js :: NetworkEventActorProxy.methodFactory/< :: line 1656"  data: no]
Stack: NetworkEventActorProxy.methodFactory/<@resource://gre/modules/commonjs/toolkit/loader.js -> resource://devtools/shared/webconsole/network-monitor.js:1656:5
exports.makeInfallible/<@resource://gre/modules/commonjs/toolkit/loader.js -> resource://devtools/shared/ThreadSafeDevToolsUtils.js:101:14
NetworkResponseListener.prototype._getSecurityInfo<@resource://gre/modules/commonjs/toolkit/loader.js -> resource://devtools/shared/webconsole/network-monitor.js:495:5
exports.makeInfallible/<@resource://gre/modules/commonjs/toolkit/loader.js -> resource://devtools/shared/ThreadSafeDevToolsUtils.js:101:14
onStartRequest@resource://gre/modules/commonjs/toolkit/loader.js -> resource://devtools/shared/webconsole/network-monitor.js:436:5
Line: 1656, column: 0
Handler function NetworkEventActorProxy.addResponseContent threw an exception: [Exception... "Component returned failure code: 0xc1f30001 (NS_ERROR_NOT_INITIALIZED) [nsIMessageSender.sendAsyncMessage]"  nsresult: "0xc1f30001 (NS_ERROR_NOT_INITIALIZED)"  location: "JS frame :: resource://gre/modules/commonjs/toolkit/loader.js -> resource://devtools/shared/webconsole/network-monitor.js :: NetworkEventActorProxy.methodFactory/< :: line 1656"  data: no]
Stack: NetworkEventActorProxy.methodFactory/<@resource://gre/modules/commonjs/toolkit/loader.js -> resource://devtools/shared/webconsole/network-monitor.js:1656:5
exports.makeInfallible/<@resource://gre/modules/commonjs/toolkit/loader.js -> resource://devtools/shared/ThreadSafeDevToolsUtils.js:101:14
_onComplete@resource://gre/modules/commonjs/toolkit/loader.js -> resource://devtools/shared/webconsole/network-monitor.js:620:5
onStreamClose@resource://gre/modules/commonjs/toolkit/loader.js -> resource://devtools/shared/webconsole/network-monitor.js:577:7
onInputStreamReady@resource://gre/modules/commonjs/toolkit/loader.js -> resource://devtools/shared/webconsole/network-monitor.js:668:7
Line: 1656, column: 0
console.error: 
  Handler function NetworkEventActorProxy.addResponseContent threw an exception: [Exception... "Component returned failure code: 0xc1f30001 (NS_ERROR_NOT_INITIALIZED) [nsIMessageSender.sendAsyncMessage]"  nsresult: "0xc1f30001 (NS_ERROR_NOT_INITIALIZED)"  location: "JS frame :: resource://gre/modules/commonjs/toolkit/loader.js -> resource://devtools/shared/webconsole/network-monitor.js :: NetworkEventActorProxy.methodFactory/< :: line 1656"  data: no]
Stack: NetworkEventActorProxy.methodFactory/<@resource://gre/modules/commonjs/toolkit/loader.js -> resource://devtools/shared/webconsole/network-monitor.js:1656:5
exports.makeInfallible/<@resource://gre/modules/commonjs/toolkit/loader.js -> resource://devtools/shared/ThreadSafeDevToolsUtils.js:101:14
_onComplete@resource://gre/modules/commonjs/toolkit/loader.js -> resource://devtools/shared/webconsole/network-monitor.js:620:5
onStreamClose@resource://gre/modules/commonjs/toolkit/loader.js -> resource://devtools/shared/webconsole/network-monitor.js:577:7
onInputStreamReady@resource://gre/modules/commonjs/toolkit/loader.js -> resource://devtools/shared/webconsole/network-monitor.js:668:7
Line: 1656, column: 0
  Message: TypeError: can't access dead object
  Stack:
    get href@resource://gre/modules/commonjs/toolkit/loader.js -> resource://devtools/server/actors/stylesheets.js:214:5
StyleSheetActor<.fetchStylesheet<@resource://gre/modules/commonjs/toolkit/loader.js -> resource://devtools/server/actors/stylesheets.js:482:60
_run@resource://gre/modules/commonjs/toolkit/loader.js -> resource://devtools/shared/task.js:312:39
process@resource://gre/modules/Promise.jsm -> resource://gre/modules/Promise-backend.js:925:21
walkerLoop@resource://gre/modules/Promise.jsm -> resource://gre/modules/Promise-backend.js:806:7
scheduleWalkerLoop/<@resource://gre/modules/Promise.jsm -> resource://gre/modules/Promise-backend.js:742:11

get href@resource://gre/modules/commonjs/toolkit/loader.js -> resource://devtools/server/actors/stylesheets.js:214:5
StyleSheetActor<.fetchStylesheet<@resource://gre/modules/commonjs/toolkit/loader.js -> resource://devtools/server/actors/stylesheets.js:482:60
_run@resource://gre/modules/commonjs/toolkit/loader.js -> resource://devtools/shared/task.js:312:39
process@resource://gre/modules/Promise.jsm -> resource://gre/modules/Promise-backend.js:925:21
walkerLoop@resource://gre/modules/Promise.jsm -> resource://gre/modules/Promise-backend.js:806:7
scheduleWalkerLoop/<@resource://gre/modules/Promise.jsm -> resource://gre/modules/Promise-backend.js:742:11
*************************
A coding exception was thrown in a Promise rejection callback.
See https://developer.mozilla.org/Mozilla/JavaScript_code_modules/Promise.jsm/Promise

Full message: TypeError: this.inspector is null
Full stack: get conn@resource://gre/modules/commonjs/toolkit/loader.js -> resource://devtools/server/actors/styles.js:97:5
writeError@resource://gre/modules/commonjs/toolkit/loader.js -> resource://devtools/shared/protocol.js:944:5
process@resource://gre/modules/Promise.jsm -> resource://gre/modules/Promise-backend.js:925:21
walkerLoop@resource://gre/modules/Promise.jsm -> resource://gre/modules/Promise-backend.js:806:7
scheduleWalkerLoop/<@resource://gre/modules/Promise.jsm -> resource://gre/modules/Promise-backend.js:742:11

*************************
[Child 9248] WARNING: pipe error: 109: file c:/builds/moz2_slave/m-rel-w32-00000000000000000000/build/src/ipc/chromium/src/chrome/common/ipc_channel_win.cc, line 346

###!!! [Child][MessageChannel::SendAndWait] Error: Channel error: cannot send/recv

